root - INFO - Cleaning data ....
root - INFO - Processing data for the ML pipeline....
root - INFO - Training the ML......
root - INFO - Cleaning data ....
root - INFO - Processing data for the ML pipeline....
root - INFO - Processing data for the ML pipeline....
starter.train_model - INFO - Saving the trained model....
root - INFO - Cleaning data ....
root - INFO - Processing data for the ML pipeline....
root - INFO - Training the ML......
root - INFO - Cleaning data ....
root - INFO - Processing data for the ML pipeline....
root - INFO - Processing data for the ML pipeline....
starter.train_model - INFO - Saving the trained model....
root - INFO - Cleaning data ....
root - INFO - Processing data for the ML pipeline....
root - INFO - Training the ML......
root - INFO - Cleaning data ....
root - INFO - Processing data for the ML pipeline....
root - INFO - Processing data for the ML pipeline....
starter.train_model - INFO - Saving the trained model....
root - INFO - Processing data for the ML pipeline....
root - INFO - Computing model metrics....
root - INFO - Processing data for the ML pipeline....
root - INFO - Computing model metrics....
root - INFO - Processing data for the ML pipeline....
root - INFO - Computing model metrics....
root - INFO - Processing data for the ML pipeline....
root - INFO - Computing model metrics....
root - INFO - Processing data for the ML pipeline....
root - INFO - Computing model metrics....
root - INFO - Processing data for the ML pipeline....
root - INFO - Computing model metrics....
root - INFO - Processing data for the ML pipeline....
root - INFO - Computing model metrics....
root - INFO - Processing data for the ML pipeline....
root - INFO - Computing model metrics....
root - INFO - Processing data for the ML pipeline....
root - INFO - Computing model metrics....
root - INFO - Processing data for the ML pipeline....
root - INFO - Computing model metrics....
root - INFO - Processing data for the ML pipeline....
root - INFO - Computing model metrics....
root - INFO - Processing data for the ML pipeline....
root - INFO - Computing model metrics....
root - INFO - Processing data for the ML pipeline....
root - INFO - Computing model metrics....
root - INFO - Processing data for the ML pipeline....
root - INFO - Computing model metrics....
root - INFO - Processing data for the ML pipeline....
root - INFO - Computing model metrics....
root - INFO - Processing data for the ML pipeline....
root - INFO - Computing model metrics....
root - INFO - Processing data for the ML pipeline....
root - INFO - Computing model metrics....
root - INFO - Processing data for the ML pipeline....
root - INFO - Computing model metrics....
root - INFO - Processing data for the ML pipeline....
root - INFO - Computing model metrics....
root - INFO - Processing data for the ML pipeline....
root - INFO - Computing model metrics....
root - INFO - Processing data for the ML pipeline....
root - INFO - Computing model metrics....
root - INFO - Processing data for the ML pipeline....
root - INFO - Computing model metrics....
root - INFO - Processing data for the ML pipeline....
root - INFO - Computing model metrics....
root - INFO - Processing data for the ML pipeline....
root - INFO - Computing model metrics....
root - INFO - Processing data for the ML pipeline....
root - INFO - Computing model metrics....
root - INFO - Processing data for the ML pipeline....
root - INFO - Computing model metrics....
root - INFO - Processing data for the ML pipeline....
root - INFO - Computing model metrics....
root - INFO - Processing data for the ML pipeline....
root - INFO - Computing model metrics....
root - INFO - Processing data for the ML pipeline....
root - INFO - Computing model metrics....
root - INFO - Processing data for the ML pipeline....
root - INFO - Computing model metrics....
root - INFO - Processing data for the ML pipeline....
root - INFO - Computing model metrics....
root - INFO - Processing data for the ML pipeline....
root - INFO - Computing model metrics....
root - INFO - Processing data for the ML pipeline....
root - INFO - Computing model metrics....
root - INFO - Processing data for the ML pipeline....
root - INFO - Computing model metrics....
root - INFO - Processing data for the ML pipeline....
root - INFO - Computing model metrics....
root - INFO - Processing data for the ML pipeline....
root - INFO - Computing model metrics....
root - INFO - Processing data for the ML pipeline....
root - INFO - Computing model metrics....
root - INFO - Processing data for the ML pipeline....
root - INFO - Computing model metrics....
root - INFO - Processing data for the ML pipeline....
root - INFO - Computing model metrics....
root - INFO - Processing data for the ML pipeline....
root - INFO - Computing model metrics....
root - INFO - Processing data for the ML pipeline....
root - INFO - Computing model metrics....
root - INFO - Processing data for the ML pipeline....
root - INFO - Computing model metrics....
root - INFO - Processing data for the ML pipeline....
root - INFO - Computing model metrics....
root - INFO - Processing data for the ML pipeline....
root - INFO - Computing model metrics....
root - INFO - Processing data for the ML pipeline....
root - INFO - Computing model metrics....
root - INFO - Processing data for the ML pipeline....
root - INFO - Computing model metrics....
root - INFO - Processing data for the ML pipeline....
root - INFO - Computing model metrics....
root - INFO - Processing data for the ML pipeline....
root - INFO - Computing model metrics....
root - INFO - Processing data for the ML pipeline....
root - INFO - Computing model metrics....
root - INFO - Processing data for the ML pipeline....
root - INFO - Computing model metrics....
root - INFO - Processing data for the ML pipeline....
root - INFO - Computing model metrics....
root - INFO - Processing data for the ML pipeline....
root - INFO - Computing model metrics....
root - INFO - Processing data for the ML pipeline....
root - INFO - Computing model metrics....
root - INFO - Processing data for the ML pipeline....
root - INFO - Computing model metrics....
root - INFO - Processing data for the ML pipeline....
root - INFO - Computing model metrics....
root - INFO - Processing data for the ML pipeline....
root - INFO - Computing model metrics....
root - INFO - Processing data for the ML pipeline....
root - INFO - Computing model metrics....
root - INFO - Processing data for the ML pipeline....
root - INFO - Computing model metrics....
root - INFO - Processing data for the ML pipeline....
root - INFO - Computing model metrics....
root - INFO - Processing data for the ML pipeline....
root - INFO - Computing model metrics....
root - INFO - Processing data for the ML pipeline....
root - INFO - Computing model metrics....
root - INFO - Processing data for the ML pipeline....
root - INFO - Computing model metrics....
root - INFO - Processing data for the ML pipeline....
root - INFO - Computing model metrics....
root - INFO - Processing data for the ML pipeline....
root - INFO - Computing model metrics....
root - INFO - Processing data for the ML pipeline....
root - INFO - Computing model metrics....
root - INFO - Processing data for the ML pipeline....
root - INFO - Computing model metrics....
root - INFO - Processing data for the ML pipeline....
root - INFO - Computing model metrics....
root - INFO - Processing data for the ML pipeline....
root - INFO - Computing model metrics....
root - INFO - Processing data for the ML pipeline....
root - INFO - Computing model metrics....
root - INFO - Processing data for the ML pipeline....
root - INFO - Computing model metrics....
root - INFO - Processing data for the ML pipeline....
root - INFO - Computing model metrics....
root - INFO - Processing data for the ML pipeline....
root - INFO - Computing model metrics....
root - INFO - Processing data for the ML pipeline....
root - INFO - Computing model metrics....
root - INFO - Processing data for the ML pipeline....
root - INFO - Computing model metrics....
root - INFO - Processing data for the ML pipeline....
root - INFO - Computing model metrics....
root - INFO - Processing data for the ML pipeline....
root - INFO - Computing model metrics....
root - INFO - Processing data for the ML pipeline....
root - INFO - Computing model metrics....
root - INFO - Processing data for the ML pipeline....
root - INFO - Computing model metrics....
root - INFO - Processing data for the ML pipeline....
root - INFO - Computing model metrics....
root - INFO - Processing data for the ML pipeline....
root - INFO - Computing model metrics....
root - INFO - Processing data for the ML pipeline....
root - INFO - Computing model metrics....
root - INFO - Processing data for the ML pipeline....
root - INFO - Computing model metrics....
root - INFO - Processing data for the ML pipeline....
root - INFO - Computing model metrics....
root - INFO - Processing data for the ML pipeline....
root - INFO - Computing model metrics....
root - INFO - Processing data for the ML pipeline....
root - INFO - Computing model metrics....
root - INFO - Processing data for the ML pipeline....
root - INFO - Computing model metrics....
root - INFO - Processing data for the ML pipeline....
root - INFO - Computing model metrics....
root - INFO - Processing data for the ML pipeline....
root - INFO - Computing model metrics....
root - INFO - Running model inference.....
root - INFO - Computing model metrics....
starter.train_model - INFO - Overall Performance: precision:  0.732394, recall:  0.622754, fbeta:  0.673139
starter.train_model - INFO - Trained model files saved in ./model folder
root - INFO - starting POST request
root - INFO - Processing data for the ML pipeline....
root - INFO - Running model inference.....
